mode: set
go-api-template/internal/encoding.go:10.83,13.53 3 1
go-api-template/internal/encoding.go:13.53,15.3 1 0
go-api-template/internal/encoding.go:16.2,16.12 1 1
go-api-template/internal/encoding.go:20.48,22.59 2 0
go-api-template/internal/encoding.go:22.59,24.3 1 0
go-api-template/internal/encoding.go:25.2,25.15 1 0
go-api-template/internal/handlers.go:15.38,16.71 1 1
go-api-template/internal/handlers.go:16.71,27.59 4 1
go-api-template/internal/handlers.go:27.59,32.4 2 0
go-api-template/internal/handlers.go:34.3,34.57 1 1
go-api-template/internal/handlers.go:39.35,40.71 1 1
go-api-template/internal/handlers.go:40.71,44.88 3 1
go-api-template/internal/handlers.go:44.88,49.4 2 0
go-api-template/internal/handlers.go:51.3,51.41 1 1
go-api-template/internal/middleware.go:17.62,18.71 1 1
go-api-template/internal/middleware.go:18.71,20.26 2 1
go-api-template/internal/middleware.go:20.26,23.4 2 1
go-api-template/internal/middleware.go:26.3,33.23 5 1
go-api-template/internal/server.go:9.31,16.2 5 1
go-api-template/internal/server.go:18.36,22.2 3 1
go-api-template/internal/logger/logger.go:19.13,24.2 2 1
go-api-template/internal/logger/logger.go:27.59,29.2 1 1
go-api-template/internal/logger/logger.go:32.74,34.2 1 1
go-api-template/internal/logger/logger.go:38.52,39.59 1 1
go-api-template/internal/logger/logger.go:39.59,41.3 1 1
go-api-template/internal/logger/logger.go:42.2,42.23 1 1
go-api-template/internal/gcp/secrets.go:36.186,38.2 1 0
go-api-template/internal/gcp/secrets.go:40.32,42.2 1 0
go-api-template/internal/gcp/secrets.go:46.73,48.16 2 0
go-api-template/internal/gcp/secrets.go:48.16,50.3 1 0
go-api-template/internal/gcp/secrets.go:52.2,53.47 2 0
go-api-template/internal/gcp/secrets.go:60.112,61.21 1 1
go-api-template/internal/gcp/secrets.go:61.21,63.3 1 1
go-api-template/internal/gcp/secrets.go:64.2,64.20 1 1
go-api-template/internal/gcp/secrets.go:64.20,66.3 1 1
go-api-template/internal/gcp/secrets.go:67.2,67.19 1 1
go-api-template/internal/gcp/secrets.go:67.19,69.3 1 1
go-api-template/internal/gcp/secrets.go:72.2,80.16 4 1
go-api-template/internal/gcp/secrets.go:80.16,82.3 1 0
go-api-template/internal/gcp/secrets.go:85.2,85.41 1 1
go-api-template/internal/gcp/secrets.go:89.42,91.2 1 1
go-api-template/cmd/main.go:19.13,24.53 3 0
go-api-template/cmd/main.go:24.53,27.3 2 0
go-api-template/cmd/main.go:30.65,38.49 5 0
go-api-template/cmd/main.go:38.49,40.3 1 0
go-api-template/cmd/main.go:42.2,47.12 2 0
go-api-template/cmd/main.go:47.12,56.84 3 0
go-api-template/cmd/main.go:56.84,63.4 2 0
go-api-template/cmd/main.go:66.2,68.12 3 0
go-api-template/cmd/main.go:68.12,75.58 7 0
go-api-template/cmd/main.go:75.58,80.4 2 0
go-api-template/cmd/main.go:80.9,82.4 1 0
go-api-template/cmd/main.go:84.2,85.12 2 0
